19:52:45 **** Clean-only build of configuration Debug for project Elevator_Project ****
make clean 
rm -rf  ./src/Control.o ./src/Driver.o ./src/Elevator.o ./src/IPC_Client.o ./src/IPC_Server.o ./src/Scheduler.o ./src/State.o ./src/Timer.o ./src/io.o ./src/main.o  ./src/io.d  ./src/Control.d ./src/Driver.d ./src/Elevator.d ./src/IPC_Client.d ./src/IPC_Server.d ./src/Scheduler.d ./src/State.d ./src/Timer.d ./src/main.d  Elevator_Project
 
19:52:47 **** Build of configuration Debug for project Elevator_Project ****
make all 
Building file: ../src/Control.cpp
Invoking: Cross G++ Compiler
c++ -I/home/bengteh/workspace/5414KTT/libraries/ACE_wrappers/ -I/home/bengteh/workspace/5414KTT/cpp/Elevator_Project/src/tools/ -O0 -g3 -Wall -c -fmessage-length=0 -std=c++11 -MMD -MP -MF"src/Control.d" -MT"src/Control.d" -o "src/Control.o" "../src/Control.cpp"
Finished building: ../src/Control.cpp
 
Building file: ../src/Driver.cpp
Invoking: Cross G++ Compiler
c++ -I/home/bengteh/workspace/5414KTT/libraries/ACE_wrappers/ -I/home/bengteh/workspace/5414KTT/cpp/Elevator_Project/src/tools/ -O0 -g3 -Wall -c -fmessage-length=0 -std=c++11 -MMD -MP -MF"src/Driver.d" -MT"src/Driver.d" -o "src/Driver.o" "../src/Driver.cpp"
Finished building: ../src/Driver.cpp
 
Building file: ../src/Elevator.cpp
Invoking: Cross G++ Compiler
c++ -I/home/bengteh/workspace/5414KTT/libraries/ACE_wrappers/ -I/home/bengteh/workspace/5414KTT/cpp/Elevator_Project/src/tools/ -O0 -g3 -Wall -c -fmessage-length=0 -std=c++11 -MMD -MP -MF"src/Elevator.d" -MT"src/Elevator.d" -o "src/Elevator.o" "../src/Elevator.cpp"
Finished building: ../src/Elevator.cpp
 
Building file: ../src/IPC_Client.cpp
Invoking: Cross G++ Compiler
c++ -I/home/bengteh/workspace/5414KTT/libraries/ACE_wrappers/ -I/home/bengteh/workspace/5414KTT/cpp/Elevator_Project/src/tools/ -O0 -g3 -Wall -c -fmessage-length=0 -std=c++11 -MMD -MP -MF"src/IPC_Client.d" -MT"src/IPC_Client.d" -o "src/IPC_Client.o" "../src/IPC_Client.cpp"
Finished building: ../src/IPC_Client.cpp
 
Building file: ../src/IPC_Server.cpp
Invoking: Cross G++ Compiler
c++ -I/home/bengteh/workspace/5414KTT/libraries/ACE_wrappers/ -I/home/bengteh/workspace/5414KTT/cpp/Elevator_Project/src/tools/ -O0 -g3 -Wall -c -fmessage-length=0 -std=c++11 -MMD -MP -MF"src/IPC_Server.d" -MT"src/IPC_Server.d" -o "src/IPC_Server.o" "../src/IPC_Server.cpp"
../src/IPC_Server.cpp: In member function ‘int IPC_Server::Server::accept_data()’:
../src/IPC_Server.cpp:80:2: warning: control reaches end of non-void function [-Wreturn-type]
  }
  ^
Finished building: ../src/IPC_Server.cpp
 
Building file: ../src/Scheduler.cpp
Invoking: Cross G++ Compiler
c++ -I/home/bengteh/workspace/5414KTT/libraries/ACE_wrappers/ -I/home/bengteh/workspace/5414KTT/cpp/Elevator_Project/src/tools/ -O0 -g3 -Wall -c -fmessage-length=0 -std=c++11 -MMD -MP -MF"src/Scheduler.d" -MT"src/Scheduler.d" -o "src/Scheduler.o" "../src/Scheduler.cpp"
Finished building: ../src/Scheduler.cpp
 
Building file: ../src/State.cpp
Invoking: Cross G++ Compiler
c++ -I/home/bengteh/workspace/5414KTT/libraries/ACE_wrappers/ -I/home/bengteh/workspace/5414KTT/cpp/Elevator_Project/src/tools/ -O0 -g3 -Wall -c -fmessage-length=0 -std=c++11 -MMD -MP -MF"src/State.d" -MT"src/State.d" -o "src/State.o" "../src/State.cpp"
Finished building: ../src/State.cpp
 
Building file: ../src/Timer.cpp
Invoking: Cross G++ Compiler
c++ -I/home/bengteh/workspace/5414KTT/libraries/ACE_wrappers/ -I/home/bengteh/workspace/5414KTT/cpp/Elevator_Project/src/tools/ -O0 -g3 -Wall -c -fmessage-length=0 -std=c++11 -MMD -MP -MF"src/Timer.d" -MT"src/Timer.d" -o "src/Timer.o" "../src/Timer.cpp"
Finished building: ../src/Timer.cpp
 
Building file: ../src/io.c
Invoking: Cross GCC Compiler
gcc -O0 -g3 -Wall -c -fmessage-length=0 -std=c99 -MMD -MP -MF"src/io.d" -MT"src/io.d" -o "src/io.o" "../src/io.c"
Finished building: ../src/io.c
 
Building file: ../src/main.cpp
Invoking: Cross G++ Compiler
c++ -I/home/bengteh/workspace/5414KTT/libraries/ACE_wrappers/ -I/home/bengteh/workspace/5414KTT/cpp/Elevator_Project/src/tools/ -O0 -g3 -Wall -c -fmessage-length=0 -std=c++11 -MMD -MP -MF"src/main.d" -MT"src/main.d" -o "src/main.o" "../src/main.cpp"
../src/main.cpp:13:9: warning: #pragma once in main file [enabled by default]
 #pragma once
         ^
Finished building: ../src/main.cpp
 
Building target: Elevator_Project
Invoking: Cross G++ Linker
c++ -L/home/bengteh/workspace/5414KTT/libraries/elevator_sim -L/home/bengteh/workspace/5414KTT/libraries/ACE_wrappers/lib -lcomedi -lm simulation_elevator.a -std=c++11 -o "Elevator_Project"  ./src/Control.o ./src/Driver.o ./src/Elevator.o ./src/IPC_Client.o ./src/IPC_Server.o ./src/Scheduler.o ./src/State.o ./src/Timer.o ./src/io.o ./src/main.o  /home/bengteh/workspace/5414KTT/libraries/elevator_sim/simulation_elevator.a -lphobos2 -lpthread -lcomedi -lACE
Finished building target: Elevator_Project
 
19:53:01 **** Incremental Build of configuration Debug for project Elevator_Project ****
make all 
make: Nothing to be done for `all'.
19:55:43 **** Incremental Build of configuration Debug for project Elevator_Project ****
make all 
make: Nothing to be done for `all'.
19:56:36 **** Incremental Build of configuration Debug for project Elevator_Project ****
make all 
Building file: ../src/Control.cpp
Invoking: Cross G++ Compiler
c++ -I/home/bengteh/workspace/5414KTT/libraries/ACE_wrappers/ -I/home/bengteh/workspace/5414KTT/cpp/Elevator_Project/src/tools/ -O0 -g3 -Wall -c -fmessage-length=0 -std=c++11 -MMD -MP -MF"src/Control.d" -MT"src/Control.d" -o "src/Control.o" "../src/Control.cpp"
Finished building: ../src/Control.cpp
 
Building target: Elevator_Project
Invoking: Cross G++ Linker
c++ -L/home/bengteh/workspace/5414KTT/libraries/elevator_sim -L/home/bengteh/workspace/5414KTT/libraries/ACE_wrappers/lib -lcomedi -lm simulation_elevator.a -std=c++11 -o "Elevator_Project"  ./src/Control.o ./src/Driver.o ./src/Elevator.o ./src/IPC_Client.o ./src/IPC_Server.o ./src/Scheduler.o ./src/State.o ./src/Timer.o ./src/io.o ./src/main.o  /home/bengteh/workspace/5414KTT/libraries/elevator_sim/simulation_elevator.a -lphobos2 -lpthread -lcomedi -lACE
Finished building target: Elevator_Project
 
19:56:55 **** Incremental Build of configuration Debug for project Elevator_Project ****
make all 
make: Nothing to be done for `all'.
20:01:30 **** Incremental Build of configuration Debug for project Elevator_Project ****
make all 
Building file: ../src/Control.cpp
Invoking: Cross G++ Compiler
c++ -I/home/bengteh/workspace/5414KTT/libraries/ACE_wrappers/ -I/home/bengteh/workspace/5414KTT/cpp/Elevator_Project/src/tools/ -O0 -g3 -Wall -c -fmessage-length=0 -std=c++11 -MMD -MP -MF"src/Control.d" -MT"src/Control.d" -o "src/Control.o" "../src/Control.cpp"
Finished building: ../src/Control.cpp
 
Building file: ../src/main.cpp
Invoking: Cross G++ Compiler
c++ -I/home/bengteh/workspace/5414KTT/libraries/ACE_wrappers/ -I/home/bengteh/workspace/5414KTT/cpp/Elevator_Project/src/tools/ -O0 -g3 -Wall -c -fmessage-length=0 -std=c++11 -MMD -MP -MF"src/main.d" -MT"src/main.d" -o "src/main.o" "../src/main.cpp"
../src/main.cpp:13:9: warning: #pragma once in main file [enabled by default]
 #pragma once
         ^
Finished building: ../src/main.cpp
 
Building target: Elevator_Project
Invoking: Cross G++ Linker
c++ -L/home/bengteh/workspace/5414KTT/libraries/elevator_sim -L/home/bengteh/workspace/5414KTT/libraries/ACE_wrappers/lib -lcomedi -lm simulation_elevator.a -std=c++11 -o "Elevator_Project"  ./src/Control.o ./src/Driver.o ./src/Elevator.o ./src/IPC_Client.o ./src/IPC_Server.o ./src/Scheduler.o ./src/State.o ./src/Timer.o ./src/io.o ./src/main.o  /home/bengteh/workspace/5414KTT/libraries/elevator_sim/simulation_elevator.a -lphobos2 -lpthread -lcomedi -lACE
Finished building target: Elevator_Project
 
20:02:03 **** Incremental Build of configuration Debug for project Elevator_Project ****
make all 
make: Nothing to be done for `all'.
20:08:02 **** Incremental Build of configuration Debug for project Elevator_Project ****
make all 
Building file: ../src/Control.cpp
Invoking: Cross G++ Compiler
c++ -I/home/bengteh/workspace/5414KTT/libraries/ACE_wrappers/ -I/home/bengteh/workspace/5414KTT/cpp/Elevator_Project/src/tools/ -O0 -g3 -Wall -c -fmessage-length=0 -std=c++11 -MMD -MP -MF"src/Control.d" -MT"src/Control.d" -o "src/Control.o" "../src/Control.cpp"
Finished building: ../src/Control.cpp
 
Building target: Elevator_Project
Invoking: Cross G++ Linker
c++ -L/home/bengteh/workspace/5414KTT/libraries/elevator_sim -L/home/bengteh/workspace/5414KTT/libraries/ACE_wrappers/lib -lcomedi -lm simulation_elevator.a -std=c++11 -o "Elevator_Project"  ./src/Control.o ./src/Driver.o ./src/Elevator.o ./src/IPC_Client.o ./src/IPC_Server.o ./src/Scheduler.o ./src/State.o ./src/Timer.o ./src/io.o ./src/main.o  /home/bengteh/workspace/5414KTT/libraries/elevator_sim/simulation_elevator.a -lphobos2 -lpthread -lcomedi -lACE
Finished building target: Elevator_Project
 
20:08:08 **** Incremental Build of configuration Debug for project Elevator_Project ****
make all 
make: Nothing to be done for `all'.
20:08:29 **** Incremental Build of configuration Debug for project Elevator_Project ****
make all 
Building file: ../src/main.cpp
Invoking: Cross G++ Compiler
c++ -I/home/bengteh/workspace/5414KTT/libraries/ACE_wrappers/ -I/home/bengteh/workspace/5414KTT/cpp/Elevator_Project/src/tools/ -O0 -g3 -Wall -c -fmessage-length=0 -std=c++11 -MMD -MP -MF"src/main.d" -MT"src/main.d" -o "src/main.o" "../src/main.cpp"
../src/main.cpp:13:9: warning: #pragma once in main file [enabled by default]
 #pragma once
         ^
Finished building: ../src/main.cpp
 
Building target: Elevator_Project
Invoking: Cross G++ Linker
c++ -L/home/bengteh/workspace/5414KTT/libraries/elevator_sim -L/home/bengteh/workspace/5414KTT/libraries/ACE_wrappers/lib -lcomedi -lm simulation_elevator.a -std=c++11 -o "Elevator_Project"  ./src/Control.o ./src/Driver.o ./src/Elevator.o ./src/IPC_Client.o ./src/IPC_Server.o ./src/Scheduler.o ./src/State.o ./src/Timer.o ./src/io.o ./src/main.o  /home/bengteh/workspace/5414KTT/libraries/elevator_sim/simulation_elevator.a -lphobos2 -lpthread -lcomedi -lACE
Finished building target: Elevator_Project
 
20:08:35 **** Incremental Build of configuration Debug for project Elevator_Project ****
make all 
make: Nothing to be done for `all'.
20:10:11 **** Incremental Build of configuration Debug for project Elevator_Project ****
make all 
Building file: ../src/Control.cpp
Invoking: Cross G++ Compiler
c++ -I/home/bengteh/workspace/5414KTT/libraries/ACE_wrappers/ -I/home/bengteh/workspace/5414KTT/cpp/Elevator_Project/src/tools/ -O0 -g3 -Wall -c -fmessage-length=0 -std=c++11 -MMD -MP -MF"src/Control.d" -MT"src/Control.d" -o "src/Control.o" "../src/Control.cpp"
Finished building: ../src/Control.cpp
 
Building target: Elevator_Project
Invoking: Cross G++ Linker
c++ -L/home/bengteh/workspace/5414KTT/libraries/elevator_sim -L/home/bengteh/workspace/5414KTT/libraries/ACE_wrappers/lib -lcomedi -lm simulation_elevator.a -std=c++11 -o "Elevator_Project"  ./src/Control.o ./src/Driver.o ./src/Elevator.o ./src/IPC_Client.o ./src/IPC_Server.o ./src/Scheduler.o ./src/State.o ./src/Timer.o ./src/io.o ./src/main.o  /home/bengteh/workspace/5414KTT/libraries/elevator_sim/simulation_elevator.a -lphobos2 -lpthread -lcomedi -lACE
Finished building target: Elevator_Project
 
20:13:37 **** Incremental Build of configuration Debug for project Elevator_Project ****
make all 
Building file: ../src/Control.cpp
Invoking: Cross G++ Compiler
c++ -I/home/bengteh/workspace/5414KTT/libraries/ACE_wrappers/ -I/home/bengteh/workspace/5414KTT/cpp/Elevator_Project/src/tools/ -O0 -g3 -Wall -c -fmessage-length=0 -std=c++11 -MMD -MP -MF"src/Control.d" -MT"src/Control.d" -o "src/Control.o" "../src/Control.cpp"
Finished building: ../src/Control.cpp
 
Building target: Elevator_Project
Invoking: Cross G++ Linker
c++ -L/home/bengteh/workspace/5414KTT/libraries/elevator_sim -L/home/bengteh/workspace/5414KTT/libraries/ACE_wrappers/lib -lcomedi -lm simulation_elevator.a -std=c++11 -o "Elevator_Project"  ./src/Control.o ./src/Driver.o ./src/Elevator.o ./src/IPC_Client.o ./src/IPC_Server.o ./src/Scheduler.o ./src/State.o ./src/Timer.o ./src/io.o ./src/main.o  /home/bengteh/workspace/5414KTT/libraries/elevator_sim/simulation_elevator.a -lphobos2 -lpthread -lcomedi -lACE
Finished building target: Elevator_Project
 
20:13:50 **** Incremental Build of configuration Debug for project Elevator_Project ****
make all 
make: Nothing to be done for `all'.
