11:18:44 **** Incremental Build of configuration Debug for project exercise2 ****
make all 
Building file: ../main.c
Invoking: Cross GCC Compiler
gcc -O0 -g3 -Wall -c -fmessage-length=0 -pthread -MMD -MP -MF"main.d" -MT"main.d" -o "main.o" "../main.c"
../main.c: In function ‘main’:
../main.c:44:5: warning: suggest parentheses around assignment used as truth value [-Wparentheses]
     if(pthreadCreateReturn = pthread_create(&thread[0], NULL, thread1Function, NULL))
     ^
../main.c:48:5: warning: suggest parentheses around assignment used as truth value [-Wparentheses]
     if(pthreadCreateReturn = pthread_create(&thread[1], NULL, thread2Function, NULL))
     ^
Finished building: ../main.c
 
Building target: exercise2
Invoking: Cross GCC Linker
gcc  -o "exercise2"  ./main.o   -lpthread
Finished building target: exercise2
 
11:18:48 **** Incremental Build of configuration Debug for project exercise2 ****
make all 
make: Nothing to be done for `all'.
